16:13:40.679 [main] INFO  resources.base - Driver Initialized
16:17:56.477 [main] INFO  resources.base - Firefox Browser: Running Tests on local machine
16:17:59.929 [main] INFO  resources.base - Driver Initialized
08:34:51.481 [main] INFO  resources.base - Firefox Browser: Running Tests on local machine
08:34:56.210 [main] INFO  resources.base - Driver Initialized
08:35:05.972 [main] INFO  resources.base - Page Title Verified
08:35:06.014 [main] INFO  resources.base - Username input label text Confirmed
08:35:06.032 [main] INFO  resources.base - Username input label text Confirmed
08:35:06.050 [main] INFO  resources.base - Forgot Username link text Confirmed
08:35:06.067 [main] INFO  resources.base - Forgot Password link text Confirmed
08:35:06.085 [main] INFO  resources.base - Remember Username Checkbox Unchecked Confirmed
08:35:06.102 [main] INFO  resources.base - Remember Username label text Confirmed
08:35:06.118 [main] INFO  resources.base - Login button label text Confirmed
08:35:06.135 [main] INFO  resources.base - Login button isEnabled Confirmed
08:35:06.398 [main] INFO  resources.base - Log In Button Clicked
08:35:06.428 [main] INFO  resources.base - Username Required Message Confirmed
08:35:06.489 [main] INFO  resources.base - Password Required Message Confirmed
08:35:06.565 [main] INFO  resources.base - User Name Entered
08:35:06.625 [main] INFO  resources.base - Password Entered
08:35:07.251 [main] INFO  resources.base - Log In Button Clicked
08:35:07.275 [main] INFO  resources.base - Error Message Title Verified
08:35:08.295 [main] INFO  resources.base - Firefox Browser: Running Tests on local machine
08:35:11.877 [main] INFO  resources.base - Driver Initialized
08:36:02.737 [main] INFO  resources.base - Firefox Browser: Running Tests on local machine
08:36:06.310 [main] INFO  resources.base - Driver Initialized
08:36:15.106 [main] INFO  resources.base - Shop Packages Page Header Verified
08:36:19.463 [main] INFO  resources.base - Shopping Cart Page Header Verified
08:36:26.421 [main] INFO  resources.base - Account History Page Header Verified
08:36:29.784 [main] INFO  resources.base - Pay Balance Page Header Verified
08:36:31.504 [main] INFO  resources.base - Select Classes Page Header Verified
08:36:32.385 [main] INFO  resources.base - Manage Profile Page Header Verified
08:36:34.234 [main] INFO  resources.base - Appointments Page Header Verified
08:36:35.175 [main] INFO  resources.base - Appointments Page Header Verified
08:36:37.862 [main] INFO  resources.base - Manage Family Page Header Verified
08:36:41.616 [main] INFO  resources.base - Manage Profile Page Header Verified
08:36:47.651 [main] INFO  resources.base - Forgot Username Page Header Verified
08:36:48.468 [main] INFO  resources.base - Forgot Password Page Header Verified
08:36:49.632 [main] INFO  resources.base - Firefox Browser: Running Tests on local machine
08:36:53.209 [main] INFO  resources.base - Driver Initialized
08:37:23.530 [main] INFO  resources.base - Firefox Browser: Running Tests on local machine
08:37:26.627 [main] INFO  resources.base - Driver Initialized
08:37:55.198 [main] INFO  resources.base - Firefox Browser: Running Tests on local machine
08:37:58.276 [main] INFO  resources.base - Driver Initialized
08:38:48.150 [main] INFO  resources.base - Firefox Browser: Running Tests on local machine
08:38:51.143 [main] INFO  resources.base - Driver Initialized
08:39:38.980 [main] INFO  resources.base - Firefox Browser: Running Tests on local machine
08:39:41.962 [main] INFO  resources.base - Driver Initialized
08:45:36.065 [main] INFO  resources.base - Firefox Browser: Running Tests on local machine
08:45:39.525 [main] INFO  resources.base - Driver Initialized
08:47:10.030 [main] INFO  resources.base - Firefox Browser: Running Tests on local machine
08:47:13.490 [main] INFO  resources.base - Driver Initialized
08:52:45.261 [main] INFO  resources.base - Firefox Browser: Running Tests on local machine
08:52:48.742 [main] INFO  resources.base - Driver Initialized
08:55:22.899 [main] INFO  resources.base - Firefox Browser: Running Tests on local machine
08:55:26.406 [main] INFO  resources.base - Driver Initialized
08:56:45.051 [main] INFO  resources.base - Firefox Browser: Running Tests on local machine
08:56:48.575 [main] INFO  resources.base - Driver Initialized
09:00:18.204 [main] INFO  resources.base - Firefox Browser: Running Tests on local machine
09:00:21.664 [main] INFO  resources.base - Driver Initialized
09:01:37.366 [main] INFO  resources.base - Firefox Browser: Running Tests on local machine
09:01:41.036 [main] INFO  resources.base - Driver Initialized
09:02:41.663 [main] INFO  resources.base - Firefox Browser: Running Tests on local machine
09:02:46.221 [main] INFO  resources.base - Driver Initialized
09:02:48.219 [main] INFO  resources.base - Page Title Verified
09:02:48.250 [main] INFO  resources.base - Username input label text Confirmed
09:02:48.265 [main] INFO  resources.base - Username input label text Confirmed
