15:36:13.745 [main] INFO  resources.base - Driver Initialized
15:36:18.181 [main] INFO  resources.base - Active Member 1 Logged In
15:37:00.834 [main] INFO  resources.base - Firefox Browser: Running Tests on local machine
15:37:04.379 [main] INFO  resources.base - Driver Initialized
15:37:08.735 [main] INFO  resources.base - Active Member 1 Logged In
15:39:37.232 [main] INFO  resources.base - Firefox Browser: Running Tests on local machine
15:39:40.772 [main] INFO  resources.base - Driver Initialized
15:39:45.060 [main] INFO  resources.base - Active Member 1 Logged In
15:39:56.450 [main] INFO  resources.base - User Logged Out
15:40:00.193 [main] INFO  resources.base - Active Member 2 Logged In
15:40:21.104 [main] INFO  resources.base - User Logged Out
15:40:25.597 [main] INFO  resources.base - Active Member 3 Logged In
15:40:47.812 [main] INFO  resources.base - User Logged Out
15:40:51.444 [main] INFO  resources.base - Active Member 4 Logged In
15:41:02.819 [main] INFO  resources.base - User Logged Out
15:41:06.083 [main] INFO  resources.base - Active Member 5 Logged In
15:41:17.707 [main] INFO  resources.base - User Logged Out
15:41:22.533 [main] INFO  resources.base - Firefox Browser: Running Tests on local machine
15:41:25.517 [main] INFO  resources.base - Driver Initialized
15:41:32.561 [main] INFO  resources.base - Active Member 1 Logged In
15:42:45.408 [main] INFO  resources.base - Firefox Browser: Running Tests on local machine
15:42:48.869 [main] INFO  resources.base - Driver Initialized
15:42:56.149 [main] INFO  resources.base - Active Member 1 Logged In
15:43:24.797 [main] INFO  resources.base - Shopping Cart Page Header Verified
15:43:25.501 [main] INFO  resources.base - Account History Page Header Verified
15:43:26.210 [main] INFO  resources.base - Pay Balance Page Header Verified
15:43:26.844 [main] INFO  resources.base - Select Classes Page Header Verified
15:43:27.663 [main] INFO  resources.base - Manage Profile Page Header Verified
15:43:28.383 [main] INFO  resources.base - Appointments Page Header Verified
15:43:29.242 [main] INFO  resources.base - Appointments Page Header Verified
15:43:29.837 [main] INFO  resources.base - Manage Family Page Header Verified
15:43:30.477 [main] INFO  resources.base - Manage Profile Page Header Verified
15:43:36.741 [main] INFO  resources.base - Forgot Username Page Header Verified
15:49:52.854 [main] INFO  resources.base - Firefox Browser: Running Tests on local machine
15:49:56.324 [main] INFO  resources.base - Driver Initialized
15:50:00.517 [main] INFO  resources.base - Active Member 1 Logged In
15:50:09.171 [main] INFO  resources.base - Shop Packages Page Header Verified
15:50:09.811 [main] INFO  resources.base - Shopping Cart Page Header Verified
15:50:10.472 [main] INFO  resources.base - Account History Page Header Verified
15:50:11.169 [main] INFO  resources.base - Pay Balance Page Header Verified
15:50:11.806 [main] INFO  resources.base - Select Classes Page Header Verified
15:50:12.630 [main] INFO  resources.base - Manage Profile Page Header Verified
15:50:13.363 [main] INFO  resources.base - Appointments Page Header Verified
15:50:14.233 [main] INFO  resources.base - Appointments Page Header Verified
15:50:14.818 [main] INFO  resources.base - Manage Family Page Header Verified
15:50:15.439 [main] INFO  resources.base - Manage Profile Page Header Verified
16:05:49.427 [main] INFO  resources.base - Firefox Browser: Running Tests on local machine
16:05:52.910 [main] INFO  resources.base - Driver Initialized
16:05:57.037 [main] INFO  resources.base - Active Member 1 Logged In
16:06:05.690 [main] INFO  resources.base - Shop Packages Page Header Verified
16:06:06.342 [main] INFO  resources.base - Shopping Cart Page Header Verified
16:06:07.007 [main] INFO  resources.base - Account History Page Header Verified
16:06:07.717 [main] INFO  resources.base - Pay Balance Page Header Verified
16:06:08.359 [main] INFO  resources.base - Select Classes Page Header Verified
16:06:09.189 [main] INFO  resources.base - Manage Profile Page Header Verified
16:06:09.946 [main] INFO  resources.base - Appointments Page Header Verified
16:06:10.819 [main] INFO  resources.base - Appointments Page Header Verified
16:06:11.413 [main] INFO  resources.base - Manage Family Page Header Verified
16:06:12.054 [main] INFO  resources.base - Manage Profile Page Header Verified
16:06:17.964 [main] INFO  resources.base - Forgot Username Page Header Verified
16:06:20.417 [main] INFO  resources.base - Forgot Password Page Header Verified
16:09:19.048 [main] INFO  resources.base - Firefox Browser: Running Tests on local machine
16:09:22.527 [main] INFO  resources.base - Driver Initialized
16:09:25.234 [main] INFO  resources.base - Active Member 1 Logged In
16:09:36.535 [main] INFO  resources.base - User Logged Out
16:09:38.891 [main] INFO  resources.base - Active Member 2 Logged In
16:09:59.948 [main] INFO  resources.base - User Logged Out
