10:06:08.642 [main] INFO  resources.base - Driver Initialized
10:06:11.509 [main] INFO  resources.base - User Name Entered
10:06:11.596 [main] INFO  resources.base - Password Entered
10:06:11.698 [main] INFO  resources.base - Log In Button Clicked
10:12:34.191 [main] INFO  resources.base - Chrome Browser: Running Tests on local machine
10:12:36.254 [main] INFO  resources.base - Driver Initialized
10:12:38.912 [main] INFO  resources.base - User Name Entered
10:12:39.001 [main] INFO  resources.base - Password Entered
10:12:39.120 [main] INFO  resources.base - Log In Button Clicked
10:14:32.826 [main] INFO  resources.base - Chrome Browser: Running Tests on local machine
10:14:34.919 [main] INFO  resources.base - Driver Initialized
10:14:36.911 [main] INFO  resources.base - User Name Entered
10:14:36.996 [main] INFO  resources.base - Password Entered
10:14:37.105 [main] INFO  resources.base - Log In Button Clicked
10:28:05.546 [main] INFO  resources.base - Chrome Browser: Running Tests on local machine
10:28:07.650 [main] INFO  resources.base - Driver Initialized
10:28:09.891 [main] INFO  resources.base - User Name Entered
10:28:09.981 [main] INFO  resources.base - Password Entered
10:28:10.091 [main] INFO  resources.base - Log In Button Clicked
10:41:17.286 [main] INFO  resources.base - Chrome Browser: Running Tests on local machine
10:41:19.389 [main] INFO  resources.base - Driver Initialized
10:41:23.374 [main] INFO  resources.base - User Name Entered
10:41:23.464 [main] INFO  resources.base - Password Entered
10:41:23.572 [main] INFO  resources.base - Log In Button Clicked
10:42:22.210 [main] INFO  resources.base - Chrome Browser: Running Tests on local machine
10:42:24.400 [main] INFO  resources.base - Driver Initialized
10:42:26.581 [main] INFO  resources.base - User Name Entered
10:42:26.667 [main] INFO  resources.base - Password Entered
10:42:26.791 [main] INFO  resources.base - Log In Button Clicked
10:44:57.537 [main] INFO  resources.base - Chrome Browser: Running Tests on local machine
10:44:59.663 [main] INFO  resources.base - Driver Initialized
10:45:02.170 [main] INFO  resources.base - User Name Entered
10:45:02.268 [main] INFO  resources.base - Password Entered
10:45:02.378 [main] INFO  resources.base - Log In Button Clicked
10:47:30.620 [main] INFO  resources.base - Chrome Browser: Running Tests on local machine
10:47:32.742 [main] INFO  resources.base - Driver Initialized
10:47:35.940 [main] INFO  resources.base - User Name Entered
10:47:36.029 [main] INFO  resources.base - Password Entered
10:47:36.145 [main] INFO  resources.base - Log In Button Clicked
10:50:06.179 [main] INFO  resources.base - Chrome Browser: Running Tests on local machine
10:50:08.273 [main] INFO  resources.base - Driver Initialized
10:50:11.352 [main] INFO  resources.base - User Name Entered
10:50:11.440 [main] INFO  resources.base - Password Entered
10:50:11.548 [main] INFO  resources.base - Log In Button Clicked
12:51:44.113 [main] INFO  resources.base - Chrome Browser: Running Tests on local machine
12:51:46.417 [main] INFO  resources.base - Driver Initialized
12:52:13.938 [main] INFO  resources.base - Chrome Browser: Running Tests on local machine
12:52:16.047 [main] INFO  resources.base - Driver Initialized
12:52:17.899 [main] INFO  resources.base - User Name Entered
12:52:17.994 [main] INFO  resources.base - Password Entered
12:52:18.103 [main] INFO  resources.base - Log In Button Clicked
12:52:42.513 [main] INFO  resources.base - Chrome Browser: Running Tests on local machine
12:52:44.570 [main] INFO  resources.base - Driver Initialized
12:52:47.883 [main] INFO  resources.base - User Name Entered
12:52:47.971 [main] INFO  resources.base - Password Entered
12:52:48.070 [main] INFO  resources.base - Log In Button Clicked
12:53:28.444 [main] INFO  resources.base - Chrome Browser: Running Tests on local machine
12:53:30.542 [main] INFO  resources.base - Driver Initialized
12:53:32.445 [main] INFO  resources.base - User Name Entered
12:53:32.530 [main] INFO  resources.base - Password Entered
12:53:32.636 [main] INFO  resources.base - Log In Button Clicked
13:00:18.461 [main] INFO  resources.base - Chrome Browser: Running Tests on local machine
13:00:20.544 [main] INFO  resources.base - Driver Initialized
13:00:22.555 [main] INFO  resources.base - User Name Entered
13:00:22.641 [main] INFO  resources.base - Password Entered
13:00:22.744 [main] INFO  resources.base - Log In Button Clicked
13:00:50.322 [main] INFO  resources.base - Chrome Browser: Running Tests on local machine
13:00:52.412 [main] INFO  resources.base - Driver Initialized
13:00:55.035 [main] INFO  resources.base - User Name Entered
13:00:55.119 [main] INFO  resources.base - Password Entered
13:00:55.227 [main] INFO  resources.base - Log In Button Clicked
13:07:39.920 [main] INFO  resources.base - Chrome Browser: Running Tests on local machine
13:07:42.020 [main] INFO  resources.base - Driver Initialized
