10:58:16.249 [main] INFO  resources.base - Login button label text Confirmed
10:58:16.280 [main] INFO  resources.base - Login button isEnabled Confirmed
10:58:16.375 [main] INFO  resources.base - Log In Button Clicked
10:58:16.427 [main] INFO  resources.base - Username Required Message Confirmed
10:58:16.459 [main] INFO  resources.base - Password Required Message Confirmed
10:58:16.551 [main] INFO  resources.base - User Name Entered
10:58:16.657 [main] INFO  resources.base - Password Entered
10:58:16.851 [main] INFO  resources.base - Log In Button Clicked
10:58:16.882 [main] INFO  resources.base - Error Message Title Verified
10:58:16.984 [main] INFO  resources.base - Chrome Browser: Running Tests on local machine
10:58:18.527 [main] INFO  resources.base - Driver Initialized
10:59:11.833 [main] INFO  resources.base - Chrome Browser: Running Tests on local machine
10:59:13.409 [main] INFO  resources.base - Driver Initialized
10:59:37.300 [main] INFO  resources.base - Shop Packages Page Header Verified
10:59:38.199 [main] INFO  resources.base - Shopping Cart Page Header Verified
10:59:40.102 [main] INFO  resources.base - Account History Page Header Verified
10:59:44.653 [main] INFO  resources.base - Pay Balance Page Header Verified
10:59:47.080 [main] INFO  resources.base - Select Classes Page Header Verified
10:59:47.418 [main] INFO  resources.base - Manage Profile Page Header Verified
10:59:50.397 [main] INFO  resources.base - Appointments Page Header Verified
10:59:50.764 [main] INFO  resources.base - Appointments Page Header Verified
10:59:54.702 [main] INFO  resources.base - Manage Family Page Header Verified
10:59:57.115 [main] INFO  resources.base - Manage Profile Page Header Verified
11:00:06.032 [main] INFO  resources.base - Forgot Username Page Header Verified
11:00:06.361 [main] INFO  resources.base - Forgot Password Page Header Verified
11:00:06.505 [main] INFO  resources.base - Chrome Browser: Running Tests on local machine
11:00:08.014 [main] INFO  resources.base - Driver Initialized
11:00:50.399 [main] INFO  resources.base - Chrome Browser: Running Tests on local machine
11:00:51.928 [main] INFO  resources.base - Driver Initialized
11:01:13.845 [main] INFO  resources.base - Chrome Browser: Running Tests on local machine
11:01:15.351 [main] INFO  resources.base - Driver Initialized
11:02:02.269 [main] INFO  resources.base - Chrome Browser: Running Tests on local machine
11:02:03.769 [main] INFO  resources.base - Driver Initialized
11:02:42.533 [main] INFO  resources.base - Chrome Browser: Running Tests on local machine
11:02:44.050 [main] INFO  resources.base - Driver Initialized
08:39:28.382 [main] INFO  resources.base - Chrome Browser: Running Tests on local machine
08:39:30.848 [main] INFO  resources.base - Driver Initialized
08:39:41.746 [main] INFO  resources.base - Page Title Verified
08:39:41.809 [main] INFO  resources.base - Username input label text Confirmed
08:39:41.849 [main] INFO  resources.base - Username input label text Confirmed
08:39:41.888 [main] INFO  resources.base - Forgot Username link text Confirmed
08:39:41.930 [main] INFO  resources.base - Forgot Password link text Confirmed
08:39:41.973 [main] INFO  resources.base - Remember Username Checkbox Unchecked Confirmed
08:39:42.016 [main] INFO  resources.base - Remember Username label text Confirmed
08:39:42.061 [main] INFO  resources.base - Login button label text Confirmed
08:39:42.085 [main] INFO  resources.base - Login button isEnabled Confirmed
08:39:42.199 [main] INFO  resources.base - Log In Button Clicked
08:39:42.260 [main] INFO  resources.base - Username Required Message Confirmed
08:39:42.300 [main] INFO  resources.base - Password Required Message Confirmed
08:39:42.399 [main] INFO  resources.base - User Name Entered
08:39:42.524 [main] INFO  resources.base - Password Entered
08:39:43.283 [main] INFO  resources.base - Log In Button Clicked
08:39:43.314 [main] INFO  resources.base - Error Message Title Verified
08:39:43.432 [main] INFO  resources.base - Chrome Browser: Running Tests on local machine
08:39:45.013 [main] INFO  resources.base - Driver Initialized
08:40:43.943 [main] INFO  resources.base - Chrome Browser: Running Tests on local machine
08:40:45.457 [main] INFO  resources.base - Driver Initialized
08:40:53.709 [main] INFO  resources.base - Shop Packages Page Header Verified
08:40:56.650 [main] INFO  resources.base - Shopping Cart Page Header Verified
08:40:57.550 [main] INFO  resources.base - Account History Page Header Verified
08:41:02.105 [main] INFO  resources.base - Pay Balance Page Header Verified
08:41:11.376 [main] INFO  resources.base - Select Classes Page Header Verified
08:41:11.733 [main] INFO  resources.base - Manage Profile Page Header Verified
08:41:13.710 [main] INFO  resources.base - Appointments Page Header Verified
08:41:14.126 [main] INFO  resources.base - Appointments Page Header Verified
08:41:20.165 [main] INFO  resources.base - Manage Family Page Header Verified
