12:49:45.808 [main] INFO  resources.base - Chrome Browser: Running Tests on local machine
12:49:48.521 [main] INFO  resources.base - Driver Initialized
12:49:55.361 [main] INFO  resources.base - Shop Packages Page Header Verified
12:49:59.915 [main] INFO  resources.base - Shopping Cart Page Header Verified
12:50:05.469 [main] INFO  resources.base - Account History Page Header Verified
12:50:08.980 [main] INFO  resources.base - Pay Balance Page Header Verified
12:50:09.887 [main] INFO  resources.base - Select Classes Page Header Verified
12:50:10.236 [main] INFO  resources.base - Manage Profile Page Header Verified
12:50:23.769 [main] INFO  resources.base - Appointments Page Header Verified
12:50:24.136 [main] INFO  resources.base - Appointments Page Header Verified
12:50:26.038 [main] INFO  resources.base - Manage Family Page Header Verified
12:50:29.469 [main] INFO  resources.base - Manage Profile Page Header Verified
12:50:35.849 [main] INFO  resources.base - Forgot Username Page Header Verified
12:50:36.258 [main] INFO  resources.base - Forgot Password Page Header Verified
13:01:46.855 [main] INFO  resources.base - Chrome Browser: Running Tests on local machine
13:01:48.845 [main] INFO  resources.base - Driver Initialized
13:05:19.987 [main] INFO  resources.base - Chrome Browser: Running Tests on local machine
13:05:22.058 [main] INFO  resources.base - Driver Initialized
13:09:02.573 [main] INFO  resources.base - Chrome Browser: Running Tests on local machine
13:09:04.504 [main] INFO  resources.base - Driver Initialized
13:09:05.785 [main] INFO  resources.base - Page Title Verified
13:09:05.838 [main] INFO  resources.base - Username input label text Confirmed
13:09:05.886 [main] INFO  resources.base - Username input label text Confirmed
13:09:05.921 [main] INFO  resources.base - Forgot Username link text Confirmed
13:09:05.955 [main] INFO  resources.base - Forgot Password link text Confirmed
13:09:05.990 [main] INFO  resources.base - Remember Username Checkbox Unchecked Confirmed
13:09:06.031 [main] INFO  resources.base - Remember Username label text Confirmed
13:09:06.064 [main] INFO  resources.base - Login button label text Confirmed
13:09:06.088 [main] INFO  resources.base - Login button isEnabled Confirmed
13:09:06.184 [main] INFO  resources.base - Log In Button Clicked
13:09:06.242 [main] INFO  resources.base - Username Required Message Confirmed
13:09:06.285 [main] INFO  resources.base - Password Required Message Confirmed
13:09:06.373 [main] INFO  resources.base - User Name Entered
13:09:06.499 [main] INFO  resources.base - Password Entered
13:09:06.704 [main] INFO  resources.base - Log In Button Clicked
13:09:06.735 [main] INFO  resources.base - Error Message Title Verified
13:09:06.859 [main] INFO  resources.base - Chrome Browser: Running Tests on local machine
13:09:08.342 [main] INFO  resources.base - Driver Initialized
13:09:15.509 [main] INFO  resources.base - Shop Packages Page Header Verified
13:09:19.478 [main] INFO  resources.base - Shopping Cart Page Header Verified
13:09:23.468 [main] INFO  resources.base - Account History Page Header Verified
13:09:26.995 [main] INFO  resources.base - Pay Balance Page Header Verified
13:09:30.963 [main] INFO  resources.base - Select Classes Page Header Verified
13:09:31.274 [main] INFO  resources.base - Manage Profile Page Header Verified
13:09:43.267 [main] INFO  resources.base - Appointments Page Header Verified
13:09:43.604 [main] INFO  resources.base - Appointments Page Header Verified
13:09:45.470 [main] INFO  resources.base - Manage Family Page Header Verified
13:09:47.369 [main] INFO  resources.base - Manage Profile Page Header Verified
13:09:54.701 [main] INFO  resources.base - Forgot Username Page Header Verified
13:09:55.072 [main] INFO  resources.base - Forgot Password Page Header Verified
13:09:55.245 [main] INFO  resources.base - Chrome Browser: Running Tests on local machine
13:09:56.757 [main] INFO  resources.base - Driver Initialized
13:10:51.811 [main] INFO  resources.base - Chrome Browser: Running Tests on local machine
13:10:53.749 [main] INFO  resources.base - Driver Initialized
13:10:55.995 [main] INFO  resources.base - Page Title Verified
13:10:56.042 [main] INFO  resources.base - Username input label text Confirmed
13:10:56.076 [main] INFO  resources.base - Username input label text Confirmed
13:10:56.110 [main] INFO  resources.base - Forgot Username link text Confirmed
13:10:56.146 [main] INFO  resources.base - Forgot Password link text Confirmed
13:10:56.174 [main] INFO  resources.base - Remember Username Checkbox Unchecked Confirmed
13:10:56.209 [main] INFO  resources.base - Remember Username label text Confirmed
13:10:56.243 [main] INFO  resources.base - Login button label text Confirmed
13:10:56.284 [main] INFO  resources.base - Login button isEnabled Confirmed
13:10:56.387 [main] INFO  resources.base - Log In Button Clicked
13:10:56.442 [main] INFO  resources.base - Username Required Message Confirmed
