11:42:19.683 [main] INFO  resources.base - Password Required Message Confirmed
11:42:19.730 [main] INFO  resources.base - User Name Entered
11:42:19.780 [main] INFO  resources.base - Password Entered
11:42:20.027 [main] INFO  resources.base - Log In Button Clicked
11:42:20.041 [main] INFO  resources.base - Error Message Title Verified
11:42:21.116 [main] INFO  resources.base - Firefox Browser: Running Tests on local machine
11:42:24.080 [main] INFO  resources.base - Driver Initialized
11:43:22.418 [main] INFO  resources.base - Firefox Browser: Running Tests on local machine
11:43:25.398 [main] INFO  resources.base - Driver Initialized
11:43:33.740 [main] INFO  resources.base - Shop Packages Page Header Verified
11:43:39.028 [main] INFO  resources.base - Shopping Cart Page Header Verified
11:43:44.860 [main] INFO  resources.base - Account History Page Header Verified
11:43:47.619 [main] INFO  resources.base - Pay Balance Page Header Verified
11:43:50.293 [main] INFO  resources.base - Select Classes Page Header Verified
11:43:51.109 [main] INFO  resources.base - Manage Profile Page Header Verified
11:43:57.985 [main] INFO  resources.base - Appointments Page Header Verified
11:43:58.853 [main] INFO  resources.base - Appointments Page Header Verified
11:44:03.020 [main] INFO  resources.base - Manage Family Page Header Verified
11:44:03.653 [main] INFO  resources.base - Manage Profile Page Header Verified
11:44:11.259 [main] INFO  resources.base - Forgot Username Page Header Verified
11:44:11.738 [main] INFO  resources.base - Forgot Password Page Header Verified
11:44:12.762 [main] INFO  resources.base - Firefox Browser: Running Tests on local machine
11:44:15.732 [main] INFO  resources.base - Driver Initialized
11:44:43.201 [main] INFO  resources.base - Firefox Browser: Running Tests on local machine
11:44:46.182 [main] INFO  resources.base - Driver Initialized
11:45:12.945 [main] INFO  resources.base - Firefox Browser: Running Tests on local machine
11:45:15.916 [main] INFO  resources.base - Driver Initialized
11:45:42.355 [main] INFO  resources.base - Firefox Browser: Running Tests on local machine
11:45:45.317 [main] INFO  resources.base - Driver Initialized
11:47:02.246 [main] INFO  resources.base - Firefox Browser: Running Tests on local machine
11:47:05.700 [main] INFO  resources.base - Driver Initialized
11:48:08.690 [main] INFO  resources.base - Firefox Browser: Running Tests on local machine
11:48:12.134 [main] INFO  resources.base - Driver Initialized
12:30:48.550 [main] INFO  resources.base - Firefox Browser: Running Tests on local machine
12:30:52.010 [main] INFO  resources.base - Driver Initialized
12:59:58.147 [main] INFO  resources.base - Firefox Browser: Running Tests on local machine
13:00:01.601 [main] INFO  resources.base - Driver Initialized
13:01:55.217 [main] INFO  resources.base - Firefox Browser: Running Tests on local machine
13:01:58.654 [main] INFO  resources.base - Driver Initialized
13:04:33.204 [main] INFO  resources.base - Firefox Browser: Running Tests on local machine
13:04:36.655 [main] INFO  resources.base - Driver Initialized
13:05:28.709 [main] INFO  resources.base - Firefox Browser: Running Tests on local machine
13:05:32.155 [main] INFO  resources.base - Driver Initialized
14:48:36.292 [main] INFO  resources.base - Firefox Browser: Running Tests on local machine
14:48:39.766 [main] INFO  resources.base - Driver Initialized
14:52:51.504 [main] INFO  resources.base - Firefox Browser: Running Tests on local machine
14:52:55.007 [main] INFO  resources.base - Driver Initialized
14:54:28.427 [main] INFO  resources.base - Firefox Browser: Running Tests on local machine
14:54:31.873 [main] INFO  resources.base - Driver Initialized
14:55:30.034 [main] INFO  resources.base - Firefox Browser: Running Tests on local machine
14:55:33.473 [main] INFO  resources.base - Driver Initialized
15:00:25.478 [main] INFO  resources.base - Firefox Browser: Running Tests on local machine
15:00:28.934 [main] INFO  resources.base - Driver Initialized
15:03:06.547 [main] INFO  resources.base - Firefox Browser: Running Tests on local machine
15:03:10.011 [main] INFO  resources.base - Driver Initialized
15:04:05.971 [main] INFO  resources.base - Firefox Browser: Running Tests on local machine
15:04:09.430 [main] INFO  resources.base - Driver Initialized
15:06:02.488 [main] INFO  resources.base - Firefox Browser: Running Tests on local machine
15:06:05.968 [main] INFO  resources.base - Driver Initialized
15:06:46.643 [main] INFO  resources.base - Firefox Browser: Running Tests on local machine
15:06:50.104 [main] INFO  resources.base - Driver Initialized
15:08:13.262 [main] INFO  resources.base - Firefox Browser: Running Tests on local machine
15:08:16.724 [main] INFO  resources.base - Driver Initialized
15:18:18.249 [main] INFO  resources.base - Firefox Browser: Running Tests on local machine
15:18:21.722 [main] INFO  resources.base - Driver Initialized
