15:01:47.253 [main] INFO  resources.base - Chrome Browser: Running Tests on local machine
15:01:49.380 [main] INFO  resources.base - Driver Initialized
15:01:53.484 [main] INFO  resources.base - Active Member 1 Logged In
15:05:19.920 [main] INFO  resources.base - Chrome Browser: Running Tests on local machine
15:05:22.100 [main] INFO  resources.base - Driver Initialized
15:05:25.000 [main] INFO  resources.base - Active Member 1 Logged In
15:08:46.869 [main] INFO  resources.base - Chrome Browser: Running Tests on local machine
15:08:49.066 [main] INFO  resources.base - Driver Initialized
15:08:51.734 [main] INFO  resources.base - Active Member 1 Logged In
15:09:05.909 [main] INFO  resources.base - Active Member 2 Logged In
15:09:31.775 [main] INFO  resources.base - Active Member 3 Logged In
15:10:37.522 [main] INFO  resources.base - Chrome Browser: Running Tests on local machine
15:10:39.161 [main] INFO  resources.base - Driver Initialized
15:10:42.153 [main] INFO  resources.base - Active Member 1 Logged In
15:10:49.783 [main] INFO  resources.base - Shop Packages Page Header Verified
15:10:54.079 [main] INFO  resources.base - Shopping Cart Page Header Verified
15:10:58.418 [main] INFO  resources.base - Account History Page Header Verified
15:11:02.829 [main] INFO  resources.base - Pay Balance Page Header Verified
15:11:07.130 [main] INFO  resources.base - Select Classes Page Header Verified
15:11:07.518 [main] INFO  resources.base - Manage Profile Page Header Verified
15:11:11.903 [main] INFO  resources.base - Appointments Page Header Verified
15:11:12.274 [main] INFO  resources.base - Appointments Page Header Verified
15:11:16.558 [main] INFO  resources.base - Manage Family Page Header Verified
15:11:20.839 [main] INFO  resources.base - Manage Profile Page Header Verified
15:11:31.614 [main] INFO  resources.base - Forgot Username Page Header Verified
15:11:33.861 [main] INFO  resources.base - Forgot Password Page Header Verified
15:11:36.007 [main] INFO  resources.base - Chrome Browser: Running Tests on local machine
15:11:37.643 [main] INFO  resources.base - Driver Initialized
15:11:42.769 [main] INFO  resources.base - Active Member 1 Logged In
15:12:10.001 [main] INFO  resources.base - Chrome Browser: Running Tests on local machine
15:12:11.655 [main] INFO  resources.base - Driver Initialized
15:12:15.386 [main] INFO  resources.base - Active Member 1 Logged In
15:43:12.941 [main] INFO  resources.base - Chrome Browser: Running Tests on local machine
15:43:15.104 [main] INFO  resources.base - Driver Initialized
15:43:17.288 [main] INFO  resources.base - Active Member 1 Logged In
15:44:45.838 [main] INFO  resources.base - Chrome Browser: Running Tests on local machine
15:44:47.944 [main] INFO  resources.base - Driver Initialized
15:44:51.968 [main] INFO  resources.base - Active Member 1 Logged In
15:48:46.908 [main] INFO  resources.base - Chrome Browser: Running Tests on local machine
15:48:49.053 [main] INFO  resources.base - Driver Initialized
15:48:51.254 [main] INFO  resources.base - Active Member 1 Logged In
15:50:05.853 [main] INFO  resources.base - Chrome Browser: Running Tests on local machine
15:50:07.975 [main] INFO  resources.base - Driver Initialized
15:50:10.238 [main] INFO  resources.base - Active Member 1 Logged In
15:51:29.041 [main] INFO  resources.base - Chrome Browser: Running Tests on local machine
15:51:31.163 [main] INFO  resources.base - Driver Initialized
15:51:34.188 [main] INFO  resources.base - Active Member 1 Logged In
15:52:51.340 [main] INFO  resources.base - Chrome Browser: Running Tests on local machine
15:52:53.429 [main] INFO  resources.base - Driver Initialized
15:52:55.640 [main] INFO  resources.base - Active Member 1 Logged In
15:53:08.863 [main] INFO  resources.base - Active Member 2 Logged In
15:53:33.698 [main] INFO  resources.base - Active Member 3 Logged In
15:54:29.304 [main] INFO  resources.base - Chrome Browser: Running Tests on local machine
15:54:30.926 [main] INFO  resources.base - Driver Initialized
15:54:34.471 [main] INFO  resources.base - Active Member 1 Logged In
15:54:41.684 [main] INFO  resources.base - Shop Packages Page Header Verified
15:54:46.745 [main] INFO  resources.base - Shopping Cart Page Header Verified
15:54:51.052 [main] INFO  resources.base - Account History Page Header Verified
15:54:55.399 [main] INFO  resources.base - Pay Balance Page Header Verified
15:54:59.694 [main] INFO  resources.base - Select Classes Page Header Verified
15:55:00.025 [main] INFO  resources.base - Manage Profile Page Header Verified
15:55:04.363 [main] INFO  resources.base - Appointments Page Header Verified
15:55:04.714 [main] INFO  resources.base - Appointments Page Header Verified
15:55:08.974 [main] INFO  resources.base - Manage Family Page Header Verified
15:55:13.273 [main] INFO  resources.base - Manage Profile Page Header Verified
15:55:22.820 [main] INFO  resources.base - Forgot Username Page Header Verified
