16:02:22.083 [main] INFO  resources.base - Page Title Verified
16:02:22.143 [main] INFO  resources.base - Username input label text Confirmed
16:02:22.183 [main] INFO  resources.base - Username input label text Confirmed
16:02:22.217 [main] INFO  resources.base - Forgot Username link text Confirmed
16:02:22.256 [main] INFO  resources.base - Forgot Password link text Confirmed
16:02:22.291 [main] INFO  resources.base - Remember Username label text Confirmed
16:02:22.395 [main] INFO  resources.base - Log In Button Clicked
16:02:22.432 [main] INFO  resources.base - Username Required Message Confirmed
16:02:22.467 [main] INFO  resources.base - Password Required Message Confirmed
16:02:22.552 [main] INFO  resources.base - User Name Entered
16:02:22.667 [main] INFO  resources.base - Password Entered
16:02:22.733 [main] INFO  resources.base - Log In Button Clicked
16:02:27.769 [main] INFO  resources.base - Error Message Title Verified
16:09:43.287 [main] INFO  resources.base - Chrome Browser: Running Tests on local machine
16:09:45.402 [main] INFO  resources.base - Driver Initialized
16:11:33.562 [main] INFO  resources.base - Chrome Browser: Running Tests on local machine
16:11:35.730 [main] INFO  resources.base - Driver Initialized
16:11:37.669 [main] INFO  resources.base - Page Title Verified
16:11:37.720 [main] INFO  resources.base - Username input label text Confirmed
16:11:37.758 [main] INFO  resources.base - Username input label text Confirmed
16:11:37.795 [main] INFO  resources.base - Forgot Username link text Confirmed
16:11:37.836 [main] INFO  resources.base - Forgot Password link text Confirmed
16:11:37.880 [main] INFO  resources.base - Remember Username label text Confirmed
16:11:38.013 [main] INFO  resources.base - Log In Button Clicked
16:11:38.051 [main] INFO  resources.base - Username Required Message Confirmed
16:11:38.086 [main] INFO  resources.base - Password Required Message Confirmed
16:11:38.175 [main] INFO  resources.base - User Name Entered
16:11:38.290 [main] INFO  resources.base - Password Entered
16:11:38.369 [main] INFO  resources.base - Log In Button Clicked
16:11:43.403 [main] INFO  resources.base - Error Message Title Verified
16:12:15.566 [main] INFO  resources.base - Chrome Browser: Running Tests on local machine
16:12:17.666 [main] INFO  resources.base - Driver Initialized
16:12:19.909 [main] INFO  resources.base - Page Title Verified
16:12:19.955 [main] INFO  resources.base - Username input label text Confirmed
16:12:19.991 [main] INFO  resources.base - Username input label text Confirmed
16:12:20.027 [main] INFO  resources.base - Forgot Username link text Confirmed
16:12:20.065 [main] INFO  resources.base - Forgot Password link text Confirmed
16:12:20.100 [main] INFO  resources.base - Remember Username label text Confirmed
16:12:20.230 [main] INFO  resources.base - Log In Button Clicked
16:12:20.264 [main] INFO  resources.base - Username Required Message Confirmed
16:12:20.298 [main] INFO  resources.base - Password Required Message Confirmed
16:12:20.391 [main] INFO  resources.base - User Name Entered
16:12:20.501 [main] INFO  resources.base - Password Entered
16:12:20.569 [main] INFO  resources.base - Log In Button Clicked
16:12:25.610 [main] INFO  resources.base - Error Message Title Verified
16:13:25.536 [main] INFO  resources.base - Chrome Browser: Running Tests on local machine
16:13:27.643 [main] INFO  resources.base - Driver Initialized
16:13:29.556 [main] INFO  resources.base - Page Title Verified
16:13:29.604 [main] INFO  resources.base - Username input label text Confirmed
16:13:29.639 [main] INFO  resources.base - Username input label text Confirmed
16:13:29.675 [main] INFO  resources.base - Forgot Username link text Confirmed
16:13:29.715 [main] INFO  resources.base - Forgot Password link text Confirmed
16:13:29.749 [main] INFO  resources.base - Remember Username label text Confirmed
16:13:29.880 [main] INFO  resources.base - Log In Button Clicked
16:13:29.916 [main] INFO  resources.base - Username Required Message Confirmed
16:13:29.952 [main] INFO  resources.base - Password Required Message Confirmed
16:13:30.037 [main] INFO  resources.base - User Name Entered
16:13:30.156 [main] INFO  resources.base - Password Entered
16:13:30.234 [main] INFO  resources.base - Log In Button Clicked
16:13:35.271 [main] INFO  resources.base - Error Message Title Verified
16:57:52.623 [main] INFO  resources.base - Chrome Browser: Running Tests on local machine
16:57:54.734 [main] INFO  resources.base - Driver Initialized
16:58:58.312 [main] INFO  resources.base - Chrome Browser: Running Tests on local machine
16:59:00.409 [main] INFO  resources.base - Driver Initialized
17:04:10.565 [main] INFO  resources.base - Chrome Browser: Running Tests on local machine
17:04:12.655 [main] INFO  resources.base - Driver Initialized
17:04:14.508 [main] INFO  resources.base - Page Title Verified
17:04:14.561 [main] INFO  resources.base - Username input label text Confirmed
