13:23:18.303 [main] INFO  resources.base - Firefox Browser: Running Tests on local machine
13:23:21.791 [main] INFO  resources.base - Driver Initialized
13:23:28.142 [main] INFO  resources.base - Active Member 1 Logged In
13:24:52.855 [main] INFO  resources.base - Firefox Browser: Running Tests on local machine
13:24:56.908 [main] INFO  resources.base - Driver Initialized
13:25:01.684 [main] INFO  resources.base - Active Member 1 Logged In
13:25:44.219 [main] INFO  resources.base - Firefox Browser: Running Tests on local machine
13:25:47.708 [main] INFO  resources.base - Driver Initialized
13:25:53.985 [main] INFO  resources.base - Active Member 1 Logged In
13:33:34.058 [main] INFO  resources.base - Firefox Browser: Running Tests on local machine
13:33:37.545 [main] INFO  resources.base - Driver Initialized
13:33:41.826 [main] INFO  resources.base - Active Member 1 Logged In
13:33:47.558 [main] INFO  resources.base - Shop Packages Page Header Verified
13:33:53.106 [main] INFO  resources.base - Shopping Cart Page Header Verified
13:33:57.859 [main] INFO  resources.base - Account History Page Header Verified
13:34:02.635 [main] INFO  resources.base - Pay Balance Page Header Verified
13:34:07.349 [main] INFO  resources.base - Select Classes Page Header Verified
13:34:08.198 [main] INFO  resources.base - Manage Profile Page Header Verified
13:34:13.014 [main] INFO  resources.base - Appointments Page Header Verified
13:34:13.916 [main] INFO  resources.base - Appointments Page Header Verified
13:34:18.573 [main] INFO  resources.base - Manage Family Page Header Verified
13:34:23.240 [main] INFO  resources.base - Manage Profile Page Header Verified
13:34:33.606 [main] INFO  resources.base - Forgot Username Page Header Verified
13:34:36.062 [main] INFO  resources.base - Forgot Password Page Header Verified
13:45:20.561 [main] INFO  resources.base - Firefox Browser: Running Tests on local machine
13:45:24.028 [main] INFO  resources.base - Driver Initialized
13:45:28.572 [main] INFO  resources.base - Active Member 1 Logged In
13:58:29.217 [main] INFO  resources.base - Firefox Browser: Running Tests on local machine
13:58:32.680 [main] INFO  resources.base - Driver Initialized
13:58:37.517 [main] INFO  resources.base - Active Member 1 Logged In
14:04:05.585 [main] INFO  resources.base - Firefox Browser: Running Tests on local machine
14:04:09.047 [main] INFO  resources.base - Driver Initialized
14:04:16.680 [main] INFO  resources.base - Active Member 1 Logged In
14:06:05.320 [main] INFO  resources.base - Firefox Browser: Running Tests on local machine
14:06:08.780 [main] INFO  resources.base - Driver Initialized
14:06:16.565 [main] INFO  resources.base - Active Member 1 Logged In
14:14:39.666 [main] INFO  resources.base - Firefox Browser: Running Tests on local machine
14:14:43.164 [main] INFO  resources.base - Driver Initialized
14:14:46.632 [main] INFO  resources.base - Active Member 1 Logged In
14:15:28.813 [main] INFO  resources.base - Firefox Browser: Running Tests on local machine
14:15:32.301 [main] INFO  resources.base - Driver Initialized
14:15:40.241 [main] INFO  resources.base - Active Member 1 Logged In
15:06:50.443 [main] INFO  resources.base - Firefox Browser: Running Tests on local machine
15:06:53.934 [main] INFO  resources.base - Driver Initialized
15:06:59.962 [main] INFO  resources.base - Active Member 1 Logged In
15:11:11.198 [main] INFO  resources.base - Firefox Browser: Running Tests on local machine
15:11:14.685 [main] INFO  resources.base - Driver Initialized
15:11:18.863 [main] INFO  resources.base - Active Member 1 Logged In
15:18:47.525 [main] INFO  resources.base - Firefox Browser: Running Tests on local machine
15:18:50.984 [main] INFO  resources.base - Driver Initialized
15:19:00.624 [main] INFO  resources.base - Active Member 1 Logged In
15:20:18.317 [main] INFO  resources.base - Firefox Browser: Running Tests on local machine
15:20:21.770 [main] INFO  resources.base - Driver Initialized
15:20:27.526 [main] INFO  resources.base - Active Member 1 Logged In
15:34:44.599 [main] INFO  resources.base - Firefox Browser: Running Tests on local machine
15:34:48.062 [main] INFO  resources.base - Driver Initialized
15:34:54.652 [main] INFO  resources.base - Active Member 1 Logged In
15:36:12.789 [main] INFO  resources.base - Firefox Browser: Running Tests on local machine
15:36:16.246 [main] INFO  resources.base - Driver Initialized
15:36:20.982 [main] INFO  resources.base - Active Member 1 Logged In
15:55:19.466 [main] INFO  resources.base - Firefox Browser: Running Tests on local machine
15:55:21.425 [main] INFO  resources.base - Firefox Browser: Running Tests on local machine
15:55:23.715 [main] INFO  resources.base - Driver Initialized
15:55:25.578 [main] INFO  resources.base - Driver Initialized
15:55:28.575 [main] INFO  resources.base - Active Member 1 Logged In
15:55:29.681 [main] INFO  resources.base - Active Member 1 Logged In
