13:50:01.642 [main] INFO  resources.base - Password Required Message Confirmed
13:50:01.692 [main] INFO  resources.base - User Name Entered
13:50:01.741 [main] INFO  resources.base - Password Entered
13:50:01.991 [main] INFO  resources.base - Log In Button Clicked
13:50:02.003 [main] INFO  resources.base - Error Message Title Verified
13:50:02.991 [main] INFO  resources.base - Firefox Browser: Running Tests on local machine
13:50:05.956 [main] INFO  resources.base - Driver Initialized
13:50:52.807 [main] INFO  resources.base - Firefox Browser: Running Tests on local machine
13:50:55.773 [main] INFO  resources.base - Driver Initialized
13:51:03.502 [main] INFO  resources.base - Shop Packages Page Header Verified
13:51:07.227 [main] INFO  resources.base - Shopping Cart Page Header Verified
13:51:12.609 [main] INFO  resources.base - Account History Page Header Verified
13:51:14.340 [main] INFO  resources.base - Pay Balance Page Header Verified
13:51:14.971 [main] INFO  resources.base - Select Classes Page Header Verified
13:51:15.807 [main] INFO  resources.base - Manage Profile Page Header Verified
13:51:17.544 [main] INFO  resources.base - Appointments Page Header Verified
13:51:18.416 [main] INFO  resources.base - Appointments Page Header Verified
13:51:20.042 [main] INFO  resources.base - Manage Family Page Header Verified
13:51:24.783 [main] INFO  resources.base - Manage Profile Page Header Verified
13:51:28.950 [main] INFO  resources.base - Forgot Username Page Header Verified
13:51:29.427 [main] INFO  resources.base - Forgot Password Page Header Verified
13:51:30.429 [main] INFO  resources.base - Firefox Browser: Running Tests on local machine
13:51:33.389 [main] INFO  resources.base - Driver Initialized
13:51:56.056 [main] INFO  resources.base - Firefox Browser: Running Tests on local machine
13:51:59.040 [main] INFO  resources.base - Driver Initialized
13:53:12.144 [main] INFO  resources.base - Firefox Browser: Running Tests on local machine
13:53:15.122 [main] INFO  resources.base - Driver Initialized
13:53:44.901 [main] INFO  resources.base - Firefox Browser: Running Tests on local machine
13:53:47.872 [main] INFO  resources.base - Driver Initialized
13:54:26.339 [main] INFO  resources.base - Firefox Browser: Running Tests on local machine
13:54:29.340 [main] INFO  resources.base - Driver Initialized
14:19:40.564 [main] INFO  resources.base - Firefox Browser: Running Tests on local machine
14:19:44.048 [main] INFO  resources.base - Driver Initialized
14:19:46.420 [main] INFO  resources.base - Page Title Verified
14:19:46.451 [main] INFO  resources.base - Username input label text Confirmed
14:19:46.467 [main] INFO  resources.base - Username input label text Confirmed
14:19:46.483 [main] INFO  resources.base - Forgot Username link text Confirmed
14:19:46.498 [main] INFO  resources.base - Forgot Password link text Confirmed
14:19:46.510 [main] INFO  resources.base - Remember Username Checkbox Unchecked Confirmed
14:19:46.523 [main] INFO  resources.base - Remember Username label text Confirmed
14:19:46.536 [main] INFO  resources.base - Login button label text Confirmed
14:19:46.550 [main] INFO  resources.base - Login button isEnabled Confirmed
14:19:46.802 [main] INFO  resources.base - Log In Button Clicked
14:19:46.825 [main] INFO  resources.base - Username Required Message Confirmed
14:19:46.841 [main] INFO  resources.base - Password Required Message Confirmed
14:19:46.886 [main] INFO  resources.base - User Name Entered
14:19:46.933 [main] INFO  resources.base - Password Entered
14:19:47.182 [main] INFO  resources.base - Log In Button Clicked
14:19:47.195 [main] INFO  resources.base - Error Message Title Verified
14:19:48.281 [main] INFO  resources.base - Firefox Browser: Running Tests on local machine
14:19:51.265 [main] INFO  resources.base - Driver Initialized
14:20:44.295 [main] INFO  resources.base - Firefox Browser: Running Tests on local machine
14:20:47.282 [main] INFO  resources.base - Driver Initialized
14:20:54.455 [main] INFO  resources.base - Shop Packages Page Header Verified
14:20:56.673 [main] INFO  resources.base - Shopping Cart Page Header Verified
14:21:03.589 [main] INFO  resources.base - Account History Page Header Verified
14:21:08.417 [main] INFO  resources.base - Pay Balance Page Header Verified
14:21:11.118 [main] INFO  resources.base - Select Classes Page Header Verified
14:21:11.927 [main] INFO  resources.base - Manage Profile Page Header Verified
14:21:15.712 [main] INFO  resources.base - Appointments Page Header Verified
14:21:16.610 [main] INFO  resources.base - Appointments Page Header Verified
14:21:21.304 [main] INFO  resources.base - Manage Family Page Header Verified
14:21:26.526 [main] INFO  resources.base - Manage Profile Page Header Verified
14:21:34.303 [main] INFO  resources.base - Forgot Username Page Header Verified
14:21:35.317 [main] INFO  resources.base - Forgot Password Page Header Verified
14:21:36.336 [main] INFO  resources.base - Firefox Browser: Running Tests on local machine
