16:46:35.783 [main] INFO  resources.base - Manage Profile Page Header Verified
16:46:42.925 [main] INFO  resources.base - Forgot Username Page Header Verified
16:46:43.808 [main] INFO  resources.base - Forgot Password Page Header Verified
16:46:44.313 [main] INFO  resources.base - Edge Browser: Running Tests on local machine
16:46:45.411 [main] INFO  resources.base - Driver Initialized
16:46:51.863 [main] INFO  resources.base - Edge Browser: Running Tests on local machine
16:46:52.975 [main] INFO  resources.base - Driver Initialized
16:47:07.444 [main] INFO  resources.base - Edge Browser: Running Tests on local machine
16:47:08.555 [main] INFO  resources.base - Driver Initialized
16:47:30.145 [main] INFO  resources.base - Edge Browser: Running Tests on local machine
16:47:31.253 [main] INFO  resources.base - Driver Initialized
16:54:16.520 [main] INFO  resources.base - Edge Browser: Running Tests on local machine
16:54:18.124 [main] INFO  resources.base - Driver Initialized
16:54:19.241 [main] INFO  resources.base - Page Title Verified
16:54:19.482 [main] INFO  resources.base - Username input label text Confirmed
16:54:19.697 [main] INFO  resources.base - Username input label text Confirmed
16:54:19.918 [main] INFO  resources.base - Forgot Username link text Confirmed
16:54:20.130 [main] INFO  resources.base - Forgot Password link text Confirmed
16:54:20.342 [main] INFO  resources.base - Remember Username Checkbox Unchecked Confirmed
16:54:20.556 [main] INFO  resources.base - Remember Username label text Confirmed
16:54:20.770 [main] INFO  resources.base - Login button label text Confirmed
16:54:20.982 [main] INFO  resources.base - Login button isEnabled Confirmed
16:54:21.230 [main] INFO  resources.base - Log In Button Clicked
16:54:21.665 [main] INFO  resources.base - Username Required Message Confirmed
16:54:21.882 [main] INFO  resources.base - Password Required Message Confirmed
16:54:22.336 [main] INFO  resources.base - User Name Entered
16:54:22.815 [main] INFO  resources.base - Password Entered
16:54:23.292 [main] INFO  resources.base - Log In Button Clicked
16:54:23.515 [main] INFO  resources.base - Error Message Title Verified
16:54:23.795 [main] INFO  resources.base - Edge Browser: Running Tests on local machine
16:54:52.638 [main] INFO  resources.base - Edge Browser: Running Tests on local machine
16:54:54.235 [main] INFO  resources.base - Driver Initialized
16:54:55.302 [main] INFO  resources.base - Page Title Verified
16:54:55.530 [main] INFO  resources.base - Username input label text Confirmed
16:54:55.746 [main] INFO  resources.base - Username input label text Confirmed
16:54:55.956 [main] INFO  resources.base - Forgot Username link text Confirmed
16:54:56.168 [main] INFO  resources.base - Forgot Password link text Confirmed
16:54:56.393 [main] INFO  resources.base - Remember Username Checkbox Unchecked Confirmed
16:54:56.606 [main] INFO  resources.base - Remember Username label text Confirmed
16:54:56.820 [main] INFO  resources.base - Login button label text Confirmed
16:54:57.031 [main] INFO  resources.base - Login button isEnabled Confirmed
16:54:57.277 [main] INFO  resources.base - Log In Button Clicked
16:54:57.715 [main] INFO  resources.base - Username Required Message Confirmed
16:54:57.933 [main] INFO  resources.base - Password Required Message Confirmed
16:54:58.388 [main] INFO  resources.base - User Name Entered
16:54:58.866 [main] INFO  resources.base - Password Entered
16:54:59.342 [main] INFO  resources.base - Log In Button Clicked
16:54:59.565 [main] INFO  resources.base - Error Message Title Verified
16:54:59.830 [main] INFO  resources.base - Edge Browser: Running Tests on local machine
16:55:00.959 [main] INFO  resources.base - Driver Initialized
16:55:08.652 [main] INFO  resources.base - Shop Packages Page Header Verified
16:55:12.860 [main] INFO  resources.base - Shopping Cart Page Header Verified
16:55:16.594 [main] INFO  resources.base - Account History Page Header Verified
16:55:21.840 [main] INFO  resources.base - Pay Balance Page Header Verified
16:55:25.051 [main] INFO  resources.base - Select Classes Page Header Verified
16:55:26.128 [main] INFO  resources.base - Manage Profile Page Header Verified
16:55:28.428 [main] INFO  resources.base - Appointments Page Header Verified
16:55:29.584 [main] INFO  resources.base - Appointments Page Header Verified
16:55:32.272 [main] INFO  resources.base - Manage Family Page Header Verified
16:55:35.471 [main] INFO  resources.base - Manage Profile Page Header Verified
16:55:42.115 [main] INFO  resources.base - Forgot Username Page Header Verified
16:55:42.999 [main] INFO  resources.base - Forgot Password Page Header Verified
16:55:43.464 [main] INFO  resources.base - Edge Browser: Running Tests on local machine
16:55:44.580 [main] INFO  resources.base - Driver Initialized
16:55:52.801 [main] INFO  resources.base - Edge Browser: Running Tests on local machine
16:55:53.894 [main] INFO  resources.base - Driver Initialized
