09:55:52.914 [main] INFO  resources.base - Chrome Browser: Running Tests on local machine
09:55:54.941 [main] INFO  resources.base - Driver Initialized
10:12:16.886 [main] INFO  resources.base - Chrome Browser: Running Tests on local machine
10:12:18.980 [main] INFO  resources.base - Driver Initialized
10:12:20.496 [main] INFO  resources.base - Page Title Verified
10:12:20.554 [main] INFO  resources.base - Username input label text Confirmed
10:12:20.604 [main] INFO  resources.base - Username input label text Confirmed
10:12:20.649 [main] INFO  resources.base - Forgot Username link text Confirmed
10:12:20.708 [main] INFO  resources.base - Forgot Password link text Confirmed
10:12:20.753 [main] INFO  resources.base - Remember Username Checkbox Unchecked Confirmed
10:12:20.799 [main] INFO  resources.base - Remember Username label text Confirmed
10:12:20.842 [main] INFO  resources.base - Login button label text Confirmed
10:12:20.866 [main] INFO  resources.base - Login button isEnabled Confirmed
10:12:20.962 [main] INFO  resources.base - Log In Button Clicked
10:12:21.017 [main] INFO  resources.base - Username Required Message Confirmed
10:12:21.062 [main] INFO  resources.base - Password Required Message Confirmed
10:12:21.151 [main] INFO  resources.base - User Name Entered
10:12:21.274 [main] INFO  resources.base - Password Entered
10:12:21.482 [main] INFO  resources.base - Log In Button Clicked
10:12:21.514 [main] INFO  resources.base - Error Message Title Verified
10:12:21.636 [main] INFO  resources.base - Chrome Browser: Running Tests on local machine
10:12:23.185 [main] INFO  resources.base - Driver Initialized
10:13:16.404 [main] INFO  resources.base - Chrome Browser: Running Tests on local machine
10:13:17.915 [main] INFO  resources.base - Driver Initialized
10:13:52.347 [main] INFO  resources.base - Shop Packages Page Header Verified
10:13:57.919 [main] INFO  resources.base - Shopping Cart Page Header Verified
10:14:02.466 [main] INFO  resources.base - Account History Page Header Verified
10:14:03.414 [main] INFO  resources.base - Pay Balance Page Header Verified
10:14:05.906 [main] INFO  resources.base - Select Classes Page Header Verified
10:14:06.256 [main] INFO  resources.base - Manage Profile Page Header Verified
10:14:11.324 [main] INFO  resources.base - Appointments Page Header Verified
10:14:11.746 [main] INFO  resources.base - Appointments Page Header Verified
10:14:16.224 [main] INFO  resources.base - Manage Family Page Header Verified
10:14:21.237 [main] INFO  resources.base - Manage Profile Page Header Verified
10:14:26.638 [main] INFO  resources.base - Forgot Username Page Header Verified
10:14:27.506 [main] INFO  resources.base - Forgot Password Page Header Verified
10:14:27.662 [main] INFO  resources.base - Chrome Browser: Running Tests on local machine
10:14:29.233 [main] INFO  resources.base - Driver Initialized
10:23:10.149 [main] INFO  resources.base - Chrome Browser: Running Tests on local machine
10:23:12.188 [main] INFO  resources.base - Driver Initialized
10:24:39.262 [main] INFO  resources.base - Chrome Browser: Running Tests on local machine
10:24:41.302 [main] INFO  resources.base - Driver Initialized
10:28:36.555 [main] INFO  resources.base - Chrome Browser: Running Tests on local machine
10:28:38.626 [main] INFO  resources.base - Driver Initialized
10:38:57.026 [main] INFO  resources.base - Chrome Browser: Running Tests on local machine
10:38:59.052 [main] INFO  resources.base - Driver Initialized
10:40:09.864 [main] INFO  resources.base - Chrome Browser: Running Tests on local machine
10:40:11.912 [main] INFO  resources.base - Driver Initialized
10:44:36.182 [main] INFO  resources.base - Chrome Browser: Running Tests on local machine
10:44:38.270 [main] INFO  resources.base - Driver Initialized
10:47:12.944 [main] INFO  resources.base - Chrome Browser: Running Tests on local machine
10:47:15.000 [main] INFO  resources.base - Driver Initialized
10:48:51.053 [main] INFO  resources.base - Chrome Browser: Running Tests on local machine
10:48:53.105 [main] INFO  resources.base - Driver Initialized
10:56:52.719 [main] INFO  resources.base - Chrome Browser: Running Tests on local machine
10:56:54.731 [main] INFO  resources.base - Driver Initialized
10:58:10.167 [main] INFO  resources.base - Chrome Browser: Running Tests on local machine
10:58:12.123 [main] INFO  resources.base - Driver Initialized
10:58:16.007 [main] INFO  resources.base - Page Title Verified
10:58:16.052 [main] INFO  resources.base - Username input label text Confirmed
10:58:16.087 [main] INFO  resources.base - Username input label text Confirmed
10:58:16.119 [main] INFO  resources.base - Forgot Username link text Confirmed
10:58:16.151 [main] INFO  resources.base - Forgot Password link text Confirmed
10:58:16.179 [main] INFO  resources.base - Remember Username Checkbox Unchecked Confirmed
10:58:16.214 [main] INFO  resources.base - Remember Username label text Confirmed
